<?xml version="1.0" encoding="UTF-8"?>
<!-- Generated by org.testng.reporters.JUnitReportReporter -->
<testsuite hostname="LNUS5CG91852P3" failures="0" tests="2" name="general.ChangeBranchTest" time="6.116" errors="0" timestamp="2025-09-04T08:50:33 CDT" skipped="0">
  <testcase classname="general.ChangeBranchTest" name="testcases_ChangeBranchTest" time="2.850"/>
  <testcase classname="general.ChangeBranchTest" name="testcases_ChangeBranchTest" time="3.266"/>
</testsuite> <!-- general.ChangeBranchTest -->
