<?xml version="1.0" encoding="UTF-8"?>
<!-- Generated by org.testng.reporters.JUnitReportReporter -->
<testsuite hostname="LNUS5CG91852P3" failures="0" tests="4" name="queues.RMITest" time="64.039" errors="0" timestamp="2025-09-10T20:15:50 CDT" skipped="0">
  <testcase classname="queues.RMITest" name="testcases_RMITest" time="16.397"/>
  <testcase classname="queues.RMITest" name="testcases_RMITest" time="15.673"/>
  <testcase classname="queues.RMITest" name="testcases_RMITest" time="15.937"/>
  <testcase classname="queues.RMITest" name="testcases_RMITest" time="16.032"/>
</testsuite> <!-- queues.RMITest -->
