<?xml version="1.0" encoding="UTF-8"?>
<!-- Generated by org.testng.reporters.JUnitReportReporter -->
<testsuite hostname="LNUS5CG91852P3" failures="0" tests="2" name="testcases.InsuranceItineraryTest" time="26.729" errors="0" timestamp="2025-07-23T14:50:46 CDT" skipped="0">
  <testcase classname="testcases.InsuranceItineraryTest" name="testcases_InsuranceItineraryTest" time="5.146"/>
  <testcase classname="testcases.InsuranceItineraryTest" name="testcases_InsuranceItineraryTest" time="21.583"/>
</testsuite> <!-- testcases.InsuranceItineraryTest -->
