<?xml version="1.0" encoding="UTF-8"?>
<!-- Generated by org.testng.reporters.JUnitReportReporter -->
<testsuite skipped="0" hostname="L7MN000108180" name="com.mymatrix.qa.testcases.TravelerPageTest" tests="1" failures="0" timestamp="2021-03-12T08:41:37 CST" time="18.993" errors="0">
  <testcase name="travelerPageTest" time="18.993" classname="com.mymatrix.qa.testcases.TravelerPageTest"/>
  <system-out/>
</testsuite> <!-- com.mymatrix.qa.testcases.TravelerPageTest -->
