<?xml version="1.0" encoding="UTF-8"?>
<!-- Generated by org.testng.reporters.JUnitReportReporter -->
<testsuite hostname="LNUS5CG91852P3" failures="0" tests="2" name="testcases.AirItineraryTest" time="25.024" errors="0" timestamp="2025-07-23T14:50:46 CDT" skipped="0">
  <testcase classname="testcases.AirItineraryTest" name="testcases_AirItineraryTest" time="4.650"/>
  <testcase classname="testcases.AirItineraryTest" name="testcases_AirItineraryTest" time="20.374"/>
</testsuite> <!-- testcases.AirItineraryTest -->
