<?xml version="1.0" encoding="UTF-8"?>
<!-- Generated by org.testng.reporters.JUnitReportReporter -->
<testsuite skipped="0" hostname="L7MN000108180" name="com.mymatrix.qa.regressiontestcases.CarItineraryTest" tests="3" failures="0" timestamp="2021-03-08T08:25:09 CST" time="48.304" errors="0">
  <testcase name="carItineraryPageTest" time="17.209" classname="com.mymatrix.qa.regressiontestcases.CarItineraryTest"/>
  <system-out/>
  <testcase name="carItineraryPageTest" time="14.345" classname="com.mymatrix.qa.regressiontestcases.CarItineraryTest"/>
  <system-out/>
  <testcase name="carItineraryPageTest" time="16.750" classname="com.mymatrix.qa.regressiontestcases.CarItineraryTest"/>
  <system-out/>
</testsuite> <!-- com.mymatrix.qa.regressiontestcases.CarItineraryTest -->
