<?xml version="1.0" encoding="UTF-8"?>
<!-- Generated by org.testng.reporters.JUnitReportReporter -->
<testsuite hostname="LNUS5CG91852P3" failures="0" tests="1" name="production_itineraries.BusItineraryTest" time="12.868" errors="0" timestamp="2025-08-23T12:28:47 CDT" skipped="0">
  <testcase classname="production_itineraries.BusItineraryTest" name="testcases_BusItineraryTest" time="12.868"/>
</testsuite> <!-- production_itineraries.BusItineraryTest -->
