<?xml version="1.0" encoding="UTF-8"?>
<!-- Generated by org.testng.reporters.JUnitReportReporter -->
<testsuite hostname="LNUS5CG91852P3" failures="0" tests="1" name="general.LogoutTest" time="4.101" errors="0" timestamp="2025-09-04T08:50:33 CDT" skipped="0">
  <testcase classname="general.LogoutTest" name="testcases_LogoutTest" time="4.101"/>
</testsuite> <!-- general.LogoutTest -->
