<?xml version="1.0" encoding="UTF-8"?>
<!-- Generated by org.testng.reporters.JUnitReportReporter -->
<testsuite hostname="LNUS5CG91852P3" failures="0" tests="1" name="general.ChangeBranchTest" time="1.811" errors="0" timestamp="2025-09-10T20:15:50 CDT" skipped="0">
  <testcase classname="general.ChangeBranchTest" name="testcases_ChangeBranchTest" time="1.811"/>
</testsuite> <!-- general.ChangeBranchTest -->
