<?xml version="1.0" encoding="UTF-8"?>
<!-- Generated by org.testng.reporters.JUnitReportReporter -->
<testsuite hostname="LNUS5CG91852P3" failures="0" tests="3" name="production_accounting.BSPTicketTest" time="23.775" errors="0" timestamp="2025-09-13T18:21:27 CDT" skipped="1">
  <testcase classname="production_accounting.BSPTicketTest" name="testcases_BSPTicketTest" time="3.764"/>
  <testcase classname="production_accounting.BSPTicketTest" name="testcases_BSPTicketTest" time="17.563"/>
  <testcase classname="production_accounting.BSPTicketTest" name="testcases_BSPTicketTest" time="2.448">
    <skipped/>
  </testcase> <!-- testcases_BSPTicketTest -->
</testsuite> <!-- production_accounting.BSPTicketTest -->
