<?xml version="1.0" encoding="UTF-8"?>
<!-- Generated by org.testng.reporters.JUnitReportReporter -->
<testsuite skipped="0" hostname="L7MN000108180" name="com.mymatrix.qa.regressiontestcases.TravelerTest" tests="2" failures="0" timestamp="2021-03-08T08:25:09 CST" time="14.519" errors="0">
  <testcase name="travelerPageTest" time="7.588" classname="com.mymatrix.qa.regressiontestcases.TravelerTest"/>
  <system-out/>
  <testcase name="travelerPageTest" time="6.931" classname="com.mymatrix.qa.regressiontestcases.TravelerTest"/>
  <system-out/>
</testsuite> <!-- com.mymatrix.qa.regressiontestcases.TravelerTest -->
