<?xml version="1.0" encoding="UTF-8"?>
<!-- Generated by org.testng.reporters.JUnitReportReporter -->
<testsuite skipped="0" hostname="L7MN000108180" name="com.mymatrix.qa.testcases.IRQueueCountPageTest" tests="4" failures="0" timestamp="2021-03-02T12:30:31 CST" time="64.743" errors="0">
  <testcase name="irQueueCountPageTest" time="20.508" classname="com.mymatrix.qa.testcases.IRQueueCountPageTest"/>
  <system-out/>
  <testcase name="irQueueCountPageTest" time="9.933" classname="com.mymatrix.qa.testcases.IRQueueCountPageTest"/>
  <system-out/>
  <testcase name="irQueueCountPageTest" time="14.478" classname="com.mymatrix.qa.testcases.IRQueueCountPageTest"/>
  <system-out/>
  <testcase name="irQueueCountPageTest" time="19.824" classname="com.mymatrix.qa.testcases.IRQueueCountPageTest"/>
  <system-out/>
</testsuite> <!-- com.mymatrix.qa.testcases.IRQueueCountPageTest -->
