<?xml version="1.0" encoding="UTF-8"?>
<!-- Generated by org.testng.reporters.JUnitReportReporter -->
<testsuite hostname="LNUS5CG91852P3" failures="0" tests="1" name="general.ChangeBranchTest" time="3.414" errors="0" timestamp="2025-09-13T18:21:27 CDT" skipped="0">
  <testcase classname="general.ChangeBranchTest" name="testcases_ChangeBranchTest" time="3.414"/>
</testsuite> <!-- general.ChangeBranchTest -->
