<?xml version="1.0" encoding="UTF-8"?>
<!-- Generated by org.testng.reporters.JUnitReportReporter -->
<testsuite skipped="0" hostname="L7MN000108180" name="com.mymatrix.qa.testcases.QueueCountPageTest" tests="4" failures="0" timestamp="2021-03-12T08:41:37 CST" time="1.166" errors="0">
  <testcase name="queueCountPageTest" time="0.389" classname="com.mymatrix.qa.testcases.QueueCountPageTest"/>
  <system-out/>
  <testcase name="queueCountPageTest" time="0.341" classname="com.mymatrix.qa.testcases.QueueCountPageTest"/>
  <system-out/>
  <testcase name="queueCountPageTest" time="0.169" classname="com.mymatrix.qa.testcases.QueueCountPageTest"/>
  <system-out/>
  <testcase name="queueCountPageTest" time="0.267" classname="com.mymatrix.qa.testcases.QueueCountPageTest"/>
  <system-out/>
</testsuite> <!-- com.mymatrix.qa.testcases.QueueCountPageTest -->
