<?xml version="1.0" encoding="UTF-8"?>
<!-- Generated by org.testng.reporters.JUnitReportReporter -->
<testsuite hostname="LNUS5CG91852P3" failures="0" tests="2" name="production_itineraries.RailItineraryTest" time="12.441" errors="0" timestamp="2025-08-23T12:28:47 CDT" skipped="0">
  <testcase classname="production_itineraries.RailItineraryTest" name="testcases_RailItineraryTest" time="2.641"/>
  <testcase classname="production_itineraries.RailItineraryTest" name="testcases_RailItineraryTest" time="9.800"/>
</testsuite> <!-- production_itineraries.RailItineraryTest -->
