<?xml version="1.0" encoding="UTF-8"?>
<!-- Generated by org.testng.reporters.JUnitReportReporter -->
<testsuite hostname="LNUS5CG91852P3" failures="0" tests="2" name="testcases.LoginTest" time="23.791" errors="0" timestamp="2025-07-23T14:50:46 CDT" skipped="0">
  <testcase classname="testcases.LoginTest" name="testcases_LoginTest" time="22.916"/>
  <testcase classname="testcases.LoginTest" name="testcases_LoginTest" time="0.875"/>
</testsuite> <!-- testcases.LoginTest -->
