<?xml version="1.0" encoding="UTF-8"?>
<!-- Generated by org.testng.reporters.JUnitReportReporter -->
<testsuite hostname="LNUS5CG91852P3" failures="0" tests="1" name="testcases.ChangeBranchTest" time="3.539" errors="0" timestamp="2025-07-23T14:50:46 CDT" skipped="0">
  <testcase classname="testcases.ChangeBranchTest" name="testcases_ChangeBranchTest" time="3.539"/>
</testsuite> <!-- testcases.ChangeBranchTest -->
