<?xml version="1.0" encoding="UTF-8"?>
<!-- Generated by org.testng.reporters.JUnitReportReporter -->
<testsuite skipped="0" hostname="L7MN000108180" name="com.mymatrix.qa.regressiontestcases.MiscItineraryTest" tests="2" failures="0" timestamp="2021-03-08T08:25:09 CST" time="28.701" errors="0">
  <testcase name="miscItineraryPageTest" time="14.070" classname="com.mymatrix.qa.regressiontestcases.MiscItineraryTest"/>
  <system-out/>
  <testcase name="miscItineraryPageTest" time="14.631" classname="com.mymatrix.qa.regressiontestcases.MiscItineraryTest"/>
  <system-out/>
</testsuite> <!-- com.mymatrix.qa.regressiontestcases.MiscItineraryTest -->
