<?xml version="1.0" encoding="UTF-8"?>
<!-- Generated by org.testng.reporters.JUnitReportReporter -->
<testsuite hostname="LNUS5CG91852P3" failures="0" tests="4" name="general.LoginTest" time="153.569" errors="0" timestamp="2025-09-13T18:21:27 CDT" skipped="2">
  <testcase classname="general.LoginTest" name="testcases_LoginTest" time="29.243">
    <skipped/>
  </testcase> <!-- testcases_LoginTest -->
  <testcase classname="general.LoginTest" name="testcases_LoginTest" time="47.679"/>
  <testcase classname="general.LoginTest" name="testcases_LoginTest" time="32.893"/>
  <testcase classname="general.LoginTest" name="testcases_LoginTest" time="43.754">
    <skipped/>
  </testcase> <!-- testcases_LoginTest -->
</testsuite> <!-- general.LoginTest -->
