<?xml version="1.0" encoding="UTF-8"?>
<!-- Generated by org.testng.reporters.JUnitReportReporter -->
<testsuite skipped="0" hostname="L7MN000108180" name="com.mymatrix.qa.regressiontestcases.RailItineraryTest" tests="2" failures="0" timestamp="2021-03-08T08:25:09 CST" time="33.787" errors="0">
  <testcase name="railItineraryPageTest" time="17.337" classname="com.mymatrix.qa.regressiontestcases.RailItineraryTest"/>
  <system-out/>
  <testcase name="railItineraryPageTest" time="16.450" classname="com.mymatrix.qa.regressiontestcases.RailItineraryTest"/>
  <system-out/>
</testsuite> <!-- com.mymatrix.qa.regressiontestcases.RailItineraryTest -->
