<?xml version="1.0" encoding="UTF-8"?>
<!-- Generated by org.testng.reporters.JUnitReportReporter -->
<testsuite hostname="LNUS5CG91852P3" failures="0" tests="2" name="production_accounting.NonBSPTicketTest" time="29.085" errors="0" timestamp="2025-09-13T18:21:27 CDT" skipped="0">
  <testcase classname="production_accounting.NonBSPTicketTest" name="testcases_NonBSPTicketTest" time="5.930"/>
  <testcase classname="production_accounting.NonBSPTicketTest" name="testcases_NonBSPTicketTest" time="23.155"/>
</testsuite> <!-- production_accounting.NonBSPTicketTest -->
