<?xml version="1.0" encoding="UTF-8"?>
<!-- Generated by org.testng.reporters.JUnitReportReporter -->
<testsuite hostname="LNUS5CG91852P3" failures="0" tests="2" name="production_accounting.NonBSPTicketTest" time="29.902" errors="0" timestamp="2025-09-04T08:38:59 CDT" skipped="1">
  <testcase classname="production_accounting.NonBSPTicketTest" name="testcases_NonBSPTicketTest" time="17.883">
    <skipped/>
  </testcase> <!-- testcases_NonBSPTicketTest -->
  <testcase classname="production_accounting.NonBSPTicketTest" name="testcases_NonBSPTicketTest" time="12.019"/>
</testsuite> <!-- production_accounting.NonBSPTicketTest -->
