<?xml version="1.0" encoding="UTF-8"?>
<!-- Generated by org.testng.reporters.JUnitReportReporter -->
<testsuite hostname="LNUS5CG91852P3" failures="0" tests="3" name="general.LoginTest" time="105.683" errors="0" timestamp="2025-09-04T08:50:33 CDT" skipped="0">
  <testcase classname="general.LoginTest" name="testcases_LoginTest" time="33.167"/>
  <testcase classname="general.LoginTest" name="testcases_LoginTest" time="37.815"/>
  <testcase classname="general.LoginTest" name="testcases_LoginTest" time="34.701"/>
</testsuite> <!-- general.LoginTest -->
