<?xml version="1.0" encoding="UTF-8"?>
<!-- Generated by org.testng.reporters.JUnitReportReporter -->
<testsuite hostname="LNUS5CG91852P3" failures="0" tests="1" name="general.LogoutTest" time="6.979" errors="0" timestamp="2025-09-13T18:21:27 CDT" skipped="0">
  <testcase classname="general.LogoutTest" name="testcases_LogoutTest" time="6.979"/>
</testsuite> <!-- general.LogoutTest -->
