<?xml version="1.0" encoding="UTF-8"?>
<!-- Generated by org.testng.reporters.JUnitReportReporter -->
<testsuite hostname="LNUS5CG91852P3" failures="0" tests="7" name="general.ClientfileSearchTest" time="104.803" errors="0" timestamp="2025-09-04T08:50:33 CDT" skipped="0">
  <testcase classname="general.ClientfileSearchTest" name="testcases_ClientfileSearchTest" time="13.784"/>
  <testcase classname="general.ClientfileSearchTest" name="testcases_ClientfileSearchTest" time="12.888"/>
  <testcase classname="general.ClientfileSearchTest" name="testcases_ClientfileSearchTest" time="16.506"/>
  <testcase classname="general.ClientfileSearchTest" name="testcases_ClientfileSearchTest" time="10.564"/>
  <testcase classname="general.ClientfileSearchTest" name="testcases_ClientfileSearchTest" time="15.720"/>
  <testcase classname="general.ClientfileSearchTest" name="testcases_ClientfileSearchTest" time="14.526"/>
  <testcase classname="general.ClientfileSearchTest" name="testcases_ClientfileSearchTest" time="20.815"/>
</testsuite> <!-- general.ClientfileSearchTest -->
