<?xml version="1.0" encoding="UTF-8"?>
<!-- Generated by org.testng.reporters.JUnitReportReporter -->
<testsuite hostname="LNUS5CG91852P3" failures="0" tests="3" name="production_itineraries.TourItineraryTest" time="17.946" errors="0" timestamp="2025-08-23T12:28:47 CDT" skipped="0">
  <testcase classname="production_itineraries.TourItineraryTest" name="testcases_TourItineraryTest" time="12.537"/>
  <testcase classname="production_itineraries.TourItineraryTest" name="testcases_TourItineraryTest" time="2.660"/>
  <testcase classname="production_itineraries.TourItineraryTest" name="testcases_TourItineraryTest" time="2.749"/>
</testsuite> <!-- production_itineraries.TourItineraryTest -->
