<?xml version="1.0" encoding="UTF-8"?>
<!-- Generated by org.testng.reporters.JUnitReportReporter -->
<testsuite hostname="LNUS5CG91852P3" failures="0" tests="3" name="testcases.TourItineraryTest" time="27.081" errors="0" timestamp="2025-07-23T14:50:46 CDT" skipped="0">
  <testcase classname="testcases.TourItineraryTest" name="testcases_TourItineraryTest" time="4.262"/>
  <testcase classname="testcases.TourItineraryTest" name="testcases_TourItineraryTest" time="18.307"/>
  <testcase classname="testcases.TourItineraryTest" name="testcases_TourItineraryTest" time="4.512"/>
</testsuite> <!-- testcases.TourItineraryTest -->
