<?xml version="1.0" encoding="UTF-8"?>
<!-- Generated by org.testng.reporters.JUnitReportReporter -->
<testsuite skipped="0" hostname="L7MN000108180" name="com.mymatrix.qa.testcases.HotelItineraryPageTest" tests="1" failures="0" timestamp="2021-03-12T08:41:37 CST" time="22.096" errors="0">
  <testcase name="hotelItineraryPageTest" time="22.096" classname="com.mymatrix.qa.testcases.HotelItineraryPageTest"/>
  <system-out/>
</testsuite> <!-- com.mymatrix.qa.testcases.HotelItineraryPageTest -->
