<?xml version="1.0" encoding="UTF-8"?>
<!-- Generated by org.testng.reporters.JUnitReportReporter -->
<testsuite hostname="LNUS5CG91852P3" failures="0" tests="2" name="testcases.CarItineraryTest" time="23.000" errors="0" timestamp="2025-07-23T14:50:46 CDT" skipped="0">
  <testcase classname="testcases.CarItineraryTest" name="testcases_CarItineraryTest" time="4.385"/>
  <testcase classname="testcases.CarItineraryTest" name="testcases_CarItineraryTest" time="18.615"/>
</testsuite> <!-- testcases.CarItineraryTest -->
