<?xml version="1.0" encoding="UTF-8"?>
<!-- Generated by org.testng.reporters.JUnitReportReporter -->
<testsuite hostname="LNUS5CG91852P3" failures="0" tests="3" name="testcases.HotelItineraryTest" time="33.666" errors="0" timestamp="2025-07-23T14:50:46 CDT" skipped="0">
  <testcase classname="testcases.HotelItineraryTest" name="testcases_HotelItineraryTest" time="21.942"/>
  <testcase classname="testcases.HotelItineraryTest" name="testcases_HotelItineraryTest" time="5.931"/>
  <testcase classname="testcases.HotelItineraryTest" name="testcases_HotelItineraryTest" time="5.793"/>
</testsuite> <!-- testcases.HotelItineraryTest -->
