<?xml version="1.0" encoding="UTF-8"?>
<!-- Generated by org.testng.reporters.JUnitReportReporter -->
<testsuite skipped="0" hostname="L7MN000108180" name="com.mymatrix.qa.testcases.TicketPageTest" tests="2" failures="0" timestamp="2021-03-12T08:41:37 CST" time="40.844" errors="0">
  <testcase name="ticketPageTest" time="19.155" classname="com.mymatrix.qa.testcases.TicketPageTest"/>
  <system-out/>
  <testcase name="ticketPageTest" time="21.689" classname="com.mymatrix.qa.testcases.TicketPageTest"/>
  <system-out/>
</testsuite> <!-- com.mymatrix.qa.testcases.TicketPageTest -->
