<?xml version="1.0" encoding="UTF-8"?>
<!-- Generated by org.testng.reporters.JUnitReportReporter -->
<testsuite skipped="0" hostname="L7MN000108180" name="com.mymatrix.qa.testcases.SearchClientFilePageTest" tests="5" failures="0" timestamp="2021-03-12T08:41:37 CST" time="98.769" errors="0">
  <testcase name="searchClientFilePageTest" time="18.161" classname="com.mymatrix.qa.testcases.SearchClientFilePageTest"/>
  <system-out/>
  <testcase name="searchClientFilePageTest" time="16.561" classname="com.mymatrix.qa.testcases.SearchClientFilePageTest"/>
  <system-out/>
  <testcase name="searchClientFilePageTest" time="16.693" classname="com.mymatrix.qa.testcases.SearchClientFilePageTest"/>
  <system-out/>
  <testcase name="searchClientFilePageTest" time="25.507" classname="com.mymatrix.qa.testcases.SearchClientFilePageTest"/>
  <system-out/>
  <testcase name="searchClientFilePageTest" time="21.847" classname="com.mymatrix.qa.testcases.SearchClientFilePageTest"/>
  <system-out/>
</testsuite> <!-- com.mymatrix.qa.testcases.SearchClientFilePageTest -->
