<?xml version="1.0" encoding="UTF-8"?>
<!-- Generated by org.testng.reporters.JUnitReportReporter -->
<testsuite skipped="0" hostname="L7MN000108180" name="com.mymatrix.qa.testcases.ChangeBranchPageTest" tests="2" failures="0" timestamp="2021-03-12T08:41:37 CST" time="10.554" errors="0">
  <testcase name="changeBranchPageTest" time="2.911" classname="com.mymatrix.qa.testcases.ChangeBranchPageTest"/>
  <system-out/>
  <testcase name="changeBranchPageTest" time="7.643" classname="com.mymatrix.qa.testcases.ChangeBranchPageTest"/>
  <system-out/>
</testsuite> <!-- com.mymatrix.qa.testcases.ChangeBranchPageTest -->
