<?xml version="1.0" encoding="UTF-8"?>
<!-- Generated by org.testng.reporters.JUnitReportReporter -->
<testsuite hostname="LNUS5CG91852P3" failures="0" tests="2" name="production_itineraries.AirItineraryTest" time="26.322" errors="0" timestamp="2025-09-13T18:21:27 CDT" skipped="0">
  <testcase classname="production_itineraries.AirItineraryTest" name="testcases_AirItineraryTest" time="4.644"/>
  <testcase classname="production_itineraries.AirItineraryTest" name="testcases_AirItineraryTest" time="21.678"/>
</testsuite> <!-- production_itineraries.AirItineraryTest -->
