<?xml version="1.0" encoding="UTF-8"?>
<!-- Generated by org.testng.reporters.JUnitReportReporter -->
<testsuite skipped="0" hostname="L7MN000108180" name="com.mymatrix.qa.regressiontestcases.InsuranceItineraryTest" tests="2" failures="0" timestamp="2021-03-08T08:25:09 CST" time="29.157" errors="0">
  <testcase name="insuranceItineraryPageTest" time="14.335" classname="com.mymatrix.qa.regressiontestcases.InsuranceItineraryTest"/>
  <system-out/>
  <testcase name="insuranceItineraryPageTest" time="14.822" classname="com.mymatrix.qa.regressiontestcases.InsuranceItineraryTest"/>
  <system-out/>
</testsuite> <!-- com.mymatrix.qa.regressiontestcases.InsuranceItineraryTest -->
