<?xml version="1.0" encoding="UTF-8"?>
<!-- Generated by org.testng.reporters.JUnitReportReporter -->
<testsuite hostname="LNUS5CG91852P3" failures="0" tests="2" name="production_itineraries.AirItineraryTest" time="16.296" errors="0" timestamp="2025-09-04T08:38:59 CDT" skipped="0">
  <testcase classname="production_itineraries.AirItineraryTest" name="testcases_AirItineraryTest" time="2.854"/>
  <testcase classname="production_itineraries.AirItineraryTest" name="testcases_AirItineraryTest" time="13.442"/>
</testsuite> <!-- production_itineraries.AirItineraryTest -->
