<?xml version="1.0" encoding="UTF-8"?>
<!-- Generated by org.testng.reporters.JUnitReportReporter -->
<testsuite hostname="LNUS5CG91852P3" failures="0" tests="1" name="general.BSPTicketTest" time="13.335" errors="0" timestamp="2025-08-10T13:23:42 CDT" skipped="0">
  <testcase classname="general.BSPTicketTest" name="testcases_BSPTicketTest" time="13.335"/>
</testsuite> <!-- general.BSPTicketTest -->
