<?xml version="1.0" encoding="UTF-8"?>
<!-- Generated by org.testng.reporters.JUnitReportReporter -->
<testsuite hostname="LNUS5CG91852P3" failures="0" tests="2" name="production_itineraries.BusItineraryTest" time="26.680" errors="0" timestamp="2025-09-13T18:21:27 CDT" skipped="0">
  <testcase classname="production_itineraries.BusItineraryTest" name="testcases_BusItineraryTest" time="20.699"/>
  <testcase classname="production_itineraries.BusItineraryTest" name="testcases_BusItineraryTest" time="5.981"/>
</testsuite> <!-- production_itineraries.BusItineraryTest -->
