<?xml version="1.0" encoding="UTF-8"?>
<!-- Generated by org.testng.reporters.JUnitReportReporter -->
<testsuite hostname="LNUS5CG91852P3" failures="0" tests="2" name="testcases.MiscItineraryTest" time="24.412" errors="0" timestamp="2025-07-23T14:50:46 CDT" skipped="0">
  <testcase classname="testcases.MiscItineraryTest" name="testcases_AirItineraryTest" time="19.619"/>
  <testcase classname="testcases.MiscItineraryTest" name="testcases_AirItineraryTest" time="4.793"/>
</testsuite> <!-- testcases.MiscItineraryTest -->
