<?xml version="1.0" encoding="UTF-8"?>
<!-- Generated by org.testng.reporters.JUnitReportReporter -->
<testsuite skipped="0" hostname="L7MN000108180" name="com.mymatrix.qa.regressiontestcases.TourItineraryTest" tests="2" failures="0" timestamp="2021-03-08T08:25:09 CST" time="29.535" errors="0">
  <testcase name="tourItineraryPageTest" time="14.473" classname="com.mymatrix.qa.regressiontestcases.TourItineraryTest"/>
  <system-out/>
  <testcase name="tourItineraryPageTest" time="15.062" classname="com.mymatrix.qa.regressiontestcases.TourItineraryTest"/>
  <system-out/>
</testsuite> <!-- com.mymatrix.qa.regressiontestcases.TourItineraryTest -->
