<?xml version="1.0" encoding="UTF-8"?>
<!-- Generated by org.testng.reporters.JUnitReportReporter -->
<testsuite hostname="LNUS5CG91852P3" failures="0" tests="1" name="testcases.LogoutTest" time="7.771" errors="0" timestamp="2025-07-23T14:50:46 CDT" skipped="0">
  <testcase classname="testcases.LogoutTest" name="testcases_LogoutTest" time="7.771"/>
</testsuite> <!-- testcases.LogoutTest -->
