<?xml version="1.0" encoding="UTF-8"?>
<!-- Generated by org.testng.reporters.JUnitReportReporter -->
<testsuite hostname="LNUS5CG91852P3" failures="0" tests="2" name="production_itineraries.MiscItineraryTest" time="26.313" errors="0" timestamp="2025-09-13T18:21:27 CDT" skipped="0">
  <testcase classname="production_itineraries.MiscItineraryTest" name="testcases_AirItineraryTest" time="21.385"/>
  <testcase classname="production_itineraries.MiscItineraryTest" name="testcases_AirItineraryTest" time="4.928"/>
</testsuite> <!-- production_itineraries.MiscItineraryTest -->
