<?xml version="1.0" encoding="UTF-8"?>
<!-- Generated by org.testng.reporters.JUnitReportReporter -->
<testsuite hostname="LNUS5CG91852P3" failures="0" tests="3" name="production_itineraries.HotelItineraryTest" time="34.725" errors="0" timestamp="2025-09-13T18:21:27 CDT" skipped="0">
  <testcase classname="production_itineraries.HotelItineraryTest" name="testcases_HotelItineraryTest" time="6.218"/>
  <testcase classname="production_itineraries.HotelItineraryTest" name="testcases_HotelItineraryTest" time="6.113"/>
  <testcase classname="production_itineraries.HotelItineraryTest" name="testcases_HotelItineraryTest" time="22.394"/>
</testsuite> <!-- production_itineraries.HotelItineraryTest -->
