<?xml version="1.0" encoding="UTF-8"?>
<!-- Generated by org.testng.reporters.JUnitReportReporter -->
<testsuite skipped="0" hostname="L7MN000108180" name="com.mymatrix.qa.regressiontestcases.HotelItineraryTest" tests="3" failures="0" timestamp="2021-03-08T08:25:09 CST" time="52.808" errors="0">
  <testcase name="hotelItineraryPageTest" time="15.236" classname="com.mymatrix.qa.regressiontestcases.HotelItineraryTest"/>
  <system-out/>
  <testcase name="hotelItineraryPageTest" time="20.061" classname="com.mymatrix.qa.regressiontestcases.HotelItineraryTest"/>
  <system-out/>
  <testcase name="hotelItineraryPageTest" time="17.511" classname="com.mymatrix.qa.regressiontestcases.HotelItineraryTest"/>
  <system-out/>
</testsuite> <!-- com.mymatrix.qa.regressiontestcases.HotelItineraryTest -->
