<?xml version="1.0" encoding="UTF-8"?>
<!-- Generated by org.testng.reporters.JUnitReportReporter -->
<testsuite hostname="LNUS5CG91852P3" failures="0" tests="3" name="testcases.RailItineraryTest" time="27.192" errors="0" timestamp="2025-07-23T14:50:46 CDT" skipped="0">
  <testcase classname="testcases.RailItineraryTest" name="testcases_RailItineraryTest" time="4.695"/>
  <testcase classname="testcases.RailItineraryTest" name="testcases_RailItineraryTest" time="18.333"/>
  <testcase classname="testcases.RailItineraryTest" name="testcases_RailItineraryTest" time="4.164"/>
</testsuite> <!-- testcases.RailItineraryTest -->
