<?xml version="1.0" encoding="UTF-8"?>
<!-- Generated by org.testng.reporters.JUnitReportReporter -->
<testsuite hostname="LNUS5CG91852P3" failures="0" tests="4" name="queues.RMITest" time="71.551" errors="0" timestamp="2025-09-13T18:21:27 CDT" skipped="0">
  <testcase classname="queues.RMITest" name="testcases_RMITest" time="17.749"/>
  <testcase classname="queues.RMITest" name="testcases_RMITest" time="17.542"/>
  <testcase classname="queues.RMITest" name="testcases_RMITest" time="17.645"/>
  <testcase classname="queues.RMITest" name="testcases_RMITest" time="18.615"/>
</testsuite> <!-- queues.RMITest -->
