<?xml version="1.0" encoding="UTF-8"?>
<!-- Generated by org.testng.reporters.JUnitReportReporter -->
<testsuite hostname="LNUS5CG91852P3" failures="0" tests="2" name="general.NonBSPTicketTest" time="15.304" errors="0" timestamp="2025-08-10T13:23:42 CDT" skipped="1">
  <testcase classname="general.NonBSPTicketTest" name="testcases_NonBSPTicketTest" time="1.428">
    <skipped/>
  </testcase> <!-- testcases_NonBSPTicketTest -->
  <testcase classname="general.NonBSPTicketTest" name="testcases_NonBSPTicketTest" time="13.876"/>
</testsuite> <!-- general.NonBSPTicketTest -->
