<?xml version="1.0" encoding="UTF-8"?>
<!-- Generated by org.testng.reporters.JUnitReportReporter -->
<testsuite hostname="LNUS5CG91852P3" failures="0" tests="2" name="production_itineraries.CarItineraryTest" time="25.462" errors="0" timestamp="2025-09-13T18:21:27 CDT" skipped="0">
  <testcase classname="production_itineraries.CarItineraryTest" name="testcases_CarItineraryTest" time="5.571"/>
  <testcase classname="production_itineraries.CarItineraryTest" name="testcases_CarItineraryTest" time="19.891"/>
</testsuite> <!-- production_itineraries.CarItineraryTest -->
