<?xml version="1.0" encoding="UTF-8"?>
<!-- Generated by org.testng.reporters.JUnitReportReporter -->
<testsuite hostname="LNUS5CG91852P3" failures="0" tests="2" name="general.LoginTest" time="74.689" errors="0" timestamp="2025-09-10T20:15:50 CDT" skipped="0">
  <testcase classname="general.LoginTest" name="testcases_LoginTest" time="32.646"/>
  <testcase classname="general.LoginTest" name="testcases_LoginTest" time="42.043"/>
</testsuite> <!-- general.LoginTest -->
