<?xml version="1.0" encoding="UTF-8"?>
<!-- Generated by org.testng.reporters.JUnitReportReporter -->
<testsuite hostname="LNUS5CG91852P3" failures="0" tests="2" name="production_itineraries.ShipItineraryTest" time="19.886" errors="0" timestamp="2025-08-23T12:28:47 CDT" skipped="0">
  <testcase classname="production_itineraries.ShipItineraryTest" name="testcases_ShipItineraryTest" time="4.652"/>
  <testcase classname="production_itineraries.ShipItineraryTest" name="testcases_ShipItineraryTest" time="15.234"/>
</testsuite> <!-- production_itineraries.ShipItineraryTest -->
