<?xml version="1.0" encoding="UTF-8"?>
<!-- Generated by org.testng.reporters.JUnitReportReporter -->
<testsuite hostname="LNUS5CG91852P3" failures="0" tests="1" name="production_itineraries.MiscItineraryTest" time="13.342" errors="0" timestamp="2025-08-23T12:28:47 CDT" skipped="0">
  <testcase classname="production_itineraries.MiscItineraryTest" name="testcases_AirItineraryTest" time="13.342"/>
</testsuite> <!-- production_itineraries.MiscItineraryTest -->
