<?xml version="1.0" encoding="UTF-8"?>
<!-- Generated by org.testng.reporters.JUnitReportReporter -->
<testsuite hostname="LNUS5CG91852P3" failures="0" tests="4" name="production_itineraries.ShipItineraryTest" time="44.898" errors="0" timestamp="2025-09-13T18:21:27 CDT" skipped="0">
  <testcase classname="production_itineraries.ShipItineraryTest" name="testcases_ShipItineraryTest" time="6.856"/>
  <testcase classname="production_itineraries.ShipItineraryTest" name="testcases_ShipItineraryTest" time="6.709"/>
  <testcase classname="production_itineraries.ShipItineraryTest" name="testcases_ShipItineraryTest" time="7.359"/>
  <testcase classname="production_itineraries.ShipItineraryTest" name="testcases_ShipItineraryTest" time="23.974"/>
</testsuite> <!-- production_itineraries.ShipItineraryTest -->
