<?xml version="1.0" encoding="UTF-8"?>
<!-- Generated by org.testng.reporters.JUnitReportReporter -->
<testsuite skipped="0" hostname="L7MN000108180" name="com.mymatrix.qa.regressiontestcases.ShipItineraryTest" tests="2" failures="0" timestamp="2021-03-08T08:25:09 CST" time="28.118" errors="0">
  <testcase name="shipItineraryPageTest" time="13.786" classname="com.mymatrix.qa.regressiontestcases.ShipItineraryTest"/>
  <system-out/>
  <testcase name="shipItineraryPageTest" time="14.332" classname="com.mymatrix.qa.regressiontestcases.ShipItineraryTest"/>
  <system-out/>
</testsuite> <!-- com.mymatrix.qa.regressiontestcases.ShipItineraryTest -->
