<?xml version="1.0" encoding="UTF-8"?>
<!-- Generated by org.testng.reporters.JUnitReportReporter -->
<testsuite hostname="LNUS5CG91852P3" failures="0" tests="3" name="production_itineraries.RailItineraryTest" time="30.635" errors="0" timestamp="2025-09-13T18:21:27 CDT" skipped="0">
  <testcase classname="production_itineraries.RailItineraryTest" name="testcases_RailItineraryTest" time="20.388"/>
  <testcase classname="production_itineraries.RailItineraryTest" name="testcases_RailItineraryTest" time="5.423"/>
  <testcase classname="production_itineraries.RailItineraryTest" name="testcases_RailItineraryTest" time="4.824"/>
</testsuite> <!-- production_itineraries.RailItineraryTest -->
